<?xml version="1.0" encoding="UTF-8"?>
<!-- Generated by org.testng.reporters.JUnitReportReporter -->
<testsuite hostname="DESKTOP-TCV21C6" failures="0" tests="1" name="Lab02_LOGIN.Simple_login_Practice2_FireFoxdriver" time="15.950" errors="0" timestamp="23 Aug 2021 10:00:07 GMT" skipped="0">
  <testcase classname="Lab02_LOGIN.Simple_login_Practice2_FireFoxdriver" name="Opening_HRM_Website" time="15.950"/>
</testsuite> <!-- Lab02_LOGIN.Simple_login_Practice2_FireFoxdriver -->
