<?xml version="1.0" encoding="UTF-8"?>
<!-- Generated by org.testng.reporters.JUnitReportReporter -->
<testsuite hostname="DESKTOP-TCV21C6" failures="0" tests="1" name="Lab15_ParallelTests.OrangeHRMTest" time="10.278" errors="0" timestamp="24 Aug 2021 09:10:58 GMT" skipped="0">
  <testcase classname="Lab15_ParallelTests.OrangeHRMTest" name="Open_OrangeHRM" time="10.278"/>
</testsuite> <!-- Lab15_ParallelTests.OrangeHRMTest -->
