<?xml version="1.0" encoding="UTF-8"?>
<!-- Generated by org.testng.reporters.JUnitReportReporter -->
<testsuite hostname="DESKTOP-TCV21C6" failures="0" tests="1" name="Dropdown.Dropdown_By_VisibleText" time="24.333" errors="0" timestamp="21 Aug 2021 13:12:32 GMT" skipped="0">
  <testcase classname="Dropdown.Dropdown_By_VisibleText" name="Test1" time="24.333"/>
</testsuite> <!-- Dropdown.Dropdown_By_VisibleText -->
