<?xml version="1.0" encoding="UTF-8"?>
<!-- Generated by org.testng.reporters.JUnitReportReporter -->
<testsuite hostname="DESKTOP-TCV21C6" failures="0" tests="3" name="August_12th_DataProvider.TC01_Skills_DataProvider1" time="67.306" errors="0" timestamp="21 Aug 2021 17:55:14 GMT" skipped="0">
  <testcase classname="August_12th_DataProvider.TC01_Skills_DataProvider1" name="loginTest" time="23.238"/>
  <testcase classname="August_12th_DataProvider.TC01_Skills_DataProvider1" name="loginTest" time="23.856"/>
  <testcase classname="August_12th_DataProvider.TC01_Skills_DataProvider1" name="loginTest" time="20.212"/>
</testsuite> <!-- August_12th_DataProvider.TC01_Skills_DataProvider1 -->
