<?xml version="1.0" encoding="UTF-8"?>
<!-- Generated by org.testng.reporters.JUnitReportReporter -->
<testsuite hostname="DESKTOP-TCV21C6" failures="0" tests="1" name="Lab22_Action_class.TC03_Context_Menu_RightClick" time="7.767" errors="0" timestamp="26 Aug 2021 12:50:24 GMT" skipped="0">
  <testcase classname="Lab22_Action_class.TC03_Context_Menu_RightClick" name="Login_Test" time="7.767"/>
</testsuite> <!-- Lab22_Action_class.TC03_Context_Menu_RightClick -->
