<?xml version="1.0" encoding="UTF-8"?>
<!-- Generated by org.testng.reporters.JUnitReportReporter -->
<testsuite hostname="DESKTOP-TCV21C6" failures="0" tests="1" name="Lab08_Emailable_Report.TestExample2_Browser_Parameters" time="13.275" errors="0" timestamp="23 Aug 2021 12:16:07 GMT" skipped="0">
  <testcase classname="Lab08_Emailable_Report.TestExample2_Browser_Parameters" name="Test2" time="13.275"/>
</testsuite> <!-- Lab08_Emailable_Report.TestExample2_Browser_Parameters -->
