<?xml version="1.0" encoding="UTF-8"?>
<!-- Generated by org.testng.reporters.JUnitReportReporter -->
<testsuite hostname="DESKTOP-TCV21C6" failures="0" tests="1" name="Locators.TC05_Login_NonStatic_Paarameters" time="20.105" errors="0" timestamp="17 Aug 2021 13:16:47 GMT" skipped="0">
  <testcase classname="Locators.TC05_Login_NonStatic_Paarameters" name="Login_Test" time="20.105"/>
</testsuite> <!-- Locators.TC05_Login_NonStatic_Paarameters -->
