<?xml version="1.0" encoding="UTF-8"?>
<!-- Generated by org.testng.reporters.JUnitReportReporter -->
<testsuite hostname="DESKTOP-TCV21C6" failures="0" tests="1" name="A3_Demo.TC01_Addition" time="0.017" errors="0" timestamp="12 Aug 2021 14:23:32 GMT" skipped="0">
  <testcase classname="A3_Demo.TC01_Addition" name="Test1_Addition" time="0.017"/>
</testsuite> <!-- A3_Demo.TC01_Addition -->
