<?xml version="1.0" encoding="UTF-8"?>
<!-- Generated by org.testng.reporters.JUnitReportReporter -->
<testsuite hostname="DESKTOP-TCV21C6" failures="0" tests="1" name="Lab12_TestNG_Paraneters.TC02_Login_Static_Paarameters1" time="29.851" errors="0" timestamp="23 Aug 2021 13:18:42 GMT" skipped="0">
  <testcase classname="Lab12_TestNG_Paraneters.TC02_Login_Static_Paarameters1" name="Login_Test" time="29.851"/>
</testsuite> <!-- Lab12_TestNG_Paraneters.TC02_Login_Static_Paarameters1 -->
