<?xml version="1.0" encoding="UTF-8"?>
<!-- Generated by org.testng.reporters.JUnitReportReporter -->
<testsuite hostname="DESKTOP-TCV21C6" failures="0" tests="3" name="Data_Provider.OrangeHRM_DataProvider_Method1_second_program" time="67.527" errors="0" timestamp="21 Aug 2021 17:37:00 GMT" skipped="0">
  <testcase classname="Data_Provider.OrangeHRM_DataProvider_Method1_second_program" name="Test1" time="23.517"/>
  <testcase classname="Data_Provider.OrangeHRM_DataProvider_Method1_second_program" name="Test1" time="21.503"/>
  <testcase classname="Data_Provider.OrangeHRM_DataProvider_Method1_second_program" name="Test1" time="22.507"/>
</testsuite> <!-- Data_Provider.OrangeHRM_DataProvider_Method1_second_program -->
