<?xml version="1.0" encoding="UTF-8"?>
<!-- Generated by org.testng.reporters.JUnitReportReporter -->
<testsuite hostname="DESKTOP-TCV21C6" failures="0" tests="1" name="August_13_Data_Provider_2.TC01_Skills" time="0.000" errors="0" timestamp="22 Aug 2021 17:04:10 GMT" skipped="1">
  <testcase classname="August_13_Data_Provider_2.TC01_Skills" name="loginTest" time="0.000">
    <skipped/>
  </testcase> <!-- loginTest -->
</testsuite> <!-- August_13_Data_Provider_2.TC01_Skills -->
