<?xml version="1.0" encoding="UTF-8"?>
<!-- Generated by org.testng.reporters.JUnitReportReporter -->
<testsuite hostname="DESKTOP-TCV21C6" failures="0" tests="1" name="Dropdown.Dropdown_By_Value" time="16.650" errors="0" timestamp="21 Aug 2021 11:55:25 GMT" skipped="0">
  <testcase classname="Dropdown.Dropdown_By_Value" name="Test1" time="16.650"/>
</testsuite> <!-- Dropdown.Dropdown_By_Value -->
