<?xml version="1.0" encoding="UTF-8"?>
<!-- Generated by org.testng.reporters.JUnitReportReporter -->
<testsuite hostname="DESKTOP-TCV21C6" failures="0" tests="1" name="Lab24_Advanced_Xpaths.TC004_Text" time="21.176" errors="0" timestamp="25 Aug 2021 17:38:53 GMT" skipped="0">
  <testcase classname="Lab24_Advanced_Xpaths.TC004_Text" name="Test1" time="21.176"/>
</testsuite> <!-- Lab24_Advanced_Xpaths.TC004_Text -->
