<?xml version="1.0" encoding="UTF-8"?>
<!-- Generated by org.testng.reporters.JUnitReportReporter -->
<testsuite hostname="DESKTOP-TCV21C6" failures="0" tests="1" name="Lab24_Advanced_Xpaths.TC007_Ancestor" time="24.540" errors="0" timestamp="25 Aug 2021 17:56:48 GMT" skipped="0">
  <testcase classname="Lab24_Advanced_Xpaths.TC007_Ancestor" name="Test1" time="24.540"/>
</testsuite> <!-- Lab24_Advanced_Xpaths.TC007_Ancestor -->
