<?xml version="1.0" encoding="UTF-8"?>
<!-- Generated by org.testng.reporters.JUnitReportReporter -->
<testsuite hostname="DESKTOP-TCV21C6" failures="0" tests="3" name="August_12th_DataProvider.TC01_Nationality_DataProvider" time="66.531" errors="0" timestamp="21 Aug 2021 17:41:42 GMT" skipped="0">
  <testcase classname="August_12th_DataProvider.TC01_Nationality_DataProvider" name="loginTest" time="22.219"/>
  <testcase classname="August_12th_DataProvider.TC01_Nationality_DataProvider" name="loginTest" time="22.872"/>
  <testcase classname="August_12th_DataProvider.TC01_Nationality_DataProvider" name="loginTest" time="21.440"/>
</testsuite> <!-- August_12th_DataProvider.TC01_Nationality_DataProvider -->
