<?xml version="1.0" encoding="UTF-8"?>
<!-- Generated by org.testng.reporters.JUnitReportReporter -->
<testsuite hostname="DESKTOP-TCV21C6" failures="0" tests="1" name="Lab24_Advanced_Xpaths.TC005_Contains" time="21.681" errors="0" timestamp="04 Sep 2021 09:54:22 GMT" skipped="0">
  <testcase classname="Lab24_Advanced_Xpaths.TC005_Contains" name="Test1" time="21.681"/>
</testsuite> <!-- Lab24_Advanced_Xpaths.TC005_Contains -->
