<?xml version="1.0" encoding="UTF-8"?>
<!-- Generated by org.testng.reporters.JUnitReportReporter -->
<testsuite hostname="DESKTOP-TCV21C6" failures="0" tests="1" name="Lab44_Return_Values.TC001_Return_Single_Value" time="0.031" errors="0" timestamp="04 Sep 2021 12:57:37 GMT" skipped="0">
  <testcase classname="Lab44_Return_Values.TC001_Return_Single_Value" name="Test5" time="0.031"/>
</testsuite> <!-- Lab44_Return_Values.TC001_Return_Single_Value -->
