<?xml version="1.0" encoding="UTF-8"?>
<!-- Generated by org.testng.reporters.JUnitReportReporter -->
<testsuite hostname="DESKTOP-TCV21C6" failures="0" tests="1" name="Locators.By_id_Locators" time="18.895" errors="0" timestamp="19 Aug 2021 10:34:11 GMT" skipped="0">
  <testcase classname="Locators.By_id_Locators" name="Test2" time="18.895"/>
</testsuite> <!-- Locators.By_id_Locators -->
