<?xml version="1.0" encoding="UTF-8"?>
<!-- Generated by org.testng.reporters.JUnitReportReporter -->
<testsuite hostname="DESKTOP-TCV21C6" failures="0" tests="1" name="LOGIN.Simple_login_Practice" time="9.594" errors="0" timestamp="18 Aug 2021 04:45:59 GMT" skipped="0">
  <testcase classname="LOGIN.Simple_login_Practice" name="Opening_HRM_Website" time="9.594"/>
</testsuite> <!-- LOGIN.Simple_login_Practice -->
