<?xml version="1.0" encoding="UTF-8"?>
<!-- Generated by org.testng.reporters.JUnitReportReporter -->
<testsuite hostname="DESKTOP-TCV21C6" failures="0" tests="1" name="OrangeHRM26.NewTest_01" time="11.951" errors="0" timestamp="12 Aug 2021 12:10:40 GMT" skipped="0">
  <testcase classname="OrangeHRM26.NewTest_01" name="f" time="11.951"/>
</testsuite> <!-- OrangeHRM26.NewTest_01 -->
