<?xml version="1.0" encoding="UTF-8"?>
<!-- Generated by org.testng.reporters.JUnitReportReporter -->
<testsuite hostname="DESKTOP-TCV21C6" failures="0" tests="3" name="August_12th_DataProvider.TC01_Nationality_DataProvider2" time="67.987" errors="0" timestamp="22 Aug 2021 13:49:22 GMT" skipped="0">
  <testcase classname="August_12th_DataProvider.TC01_Nationality_DataProvider2" name="loginTest" time="22.996"/>
  <testcase classname="August_12th_DataProvider.TC01_Nationality_DataProvider2" name="loginTest" time="23.621"/>
  <testcase classname="August_12th_DataProvider.TC01_Nationality_DataProvider2" name="loginTest" time="21.370"/>
</testsuite> <!-- August_12th_DataProvider.TC01_Nationality_DataProvider2 -->
