<?xml version="1.0" encoding="UTF-8"?>
<!-- Generated by org.testng.reporters.JUnitReportReporter -->
<testsuite hostname="DESKTOP-TCV21C6" failures="0" tests="1" name="Lab01_Maths_Demo_package.Addition_class" time="0.077" errors="0" timestamp="28 Aug 2021 15:07:04 GMT" skipped="0">
  <testcase classname="Lab01_Maths_Demo_package.Addition_class" name="Test1_Addition" time="0.077"/>
</testsuite> <!-- Lab01_Maths_Demo_package.Addition_class -->
