<?xml version="1.0" encoding="UTF-8"?>
<!-- Generated by org.testng.reporters.JUnitReportReporter -->
<testsuite hostname="DESKTOP-TCV21C6" failures="0" tests="1" name="Lab08_Emailable_Report.TestExample1" time="8.731" errors="0" timestamp="23 Aug 2021 18:45:41 GMT" skipped="0">
  <testcase classname="Lab08_Emailable_Report.TestExample1" name="Test2" time="8.731"/>
</testsuite> <!-- Lab08_Emailable_Report.TestExample1 -->
