<?xml version="1.0" encoding="UTF-8"?>
<!-- Generated by org.testng.reporters.JUnitReportReporter -->
<testsuite hostname="DESKTOP-TCV21C6" failures="0" tests="1" name="Lab29_PageObjectModel.TC01_Add_Structure" time="11.555" errors="0" timestamp="06 Sep 2021 07:42:51 GMT" skipped="0">
  <testcase classname="Lab29_PageObjectModel.TC01_Add_Structure" name="Add_Structure" time="11.555"/>
</testsuite> <!-- Lab29_PageObjectModel.TC01_Add_Structure -->
