<?xml version="1.0" encoding="UTF-8"?>
<!-- Generated by org.testng.reporters.JUnitReportReporter -->
<testsuite hostname="DESKTOP-TCV21C6" failures="0" tests="1" name="Lab23_File_Upload_Download.TC02_AddPhoto_Existing_Employee" time="0.000" errors="0" timestamp="26 Aug 2021 18:06:12 GMT" skipped="1">
  <testcase classname="Lab23_File_Upload_Download.TC02_AddPhoto_Existing_Employee" name="AddEmployee_call_allmethods" time="0.000">
    <skipped/>
  </testcase> <!-- AddEmployee_call_allmethods -->
</testsuite> <!-- Lab23_File_Upload_Download.TC02_AddPhoto_Existing_Employee -->
