<?xml version="1.0" encoding="UTF-8"?>
<!-- Generated by org.testng.reporters.JUnitReportReporter -->
<testsuite hostname="DESKTOP-TCV21C6" failures="0" tests="3" name="Lab06_August_12th_DataProvider_Method_2.TC01_Skills_DataProvider_Method_2" time="70.135" errors="0" timestamp="24 Aug 2021 09:03:29 GMT" skipped="0">
  <testcase classname="Lab06_August_12th_DataProvider_Method_2.TC01_Skills_DataProvider_Method_2" name="loginTest" time="28.439"/>
  <testcase classname="Lab06_August_12th_DataProvider_Method_2.TC01_Skills_DataProvider_Method_2" name="loginTest" time="20.539"/>
  <testcase classname="Lab06_August_12th_DataProvider_Method_2.TC01_Skills_DataProvider_Method_2" name="loginTest" time="21.157"/>
</testsuite> <!-- Lab06_August_12th_DataProvider_Method_2.TC01_Skills_DataProvider_Method_2 -->
