<?xml version="1.0" encoding="UTF-8"?>
<!-- Generated by org.testng.reporters.JUnitReportReporter -->
<testsuite hostname="DESKTOP-TCV21C6" failures="0" tests="1" name="Lab29_PageObjectModel.TC01_Add_Nationalities" time="13.221" errors="0" timestamp="05 Sep 2021 14:39:56 GMT" skipped="0">
  <testcase classname="Lab29_PageObjectModel.TC01_Add_Nationalities" name="Book_OneWay_Flight" time="13.221"/>
</testsuite> <!-- Lab29_PageObjectModel.TC01_Add_Nationalities -->
