<?xml version="1.0" encoding="UTF-8"?>
<!-- Generated by org.testng.reporters.JUnitReportReporter -->
<testsuite hostname="DESKTOP-TCV21C6" failures="0" tests="1" name="Lab07_August_13_Data_Provider_2.OrangeHRM_DataProvider_Lab1" time="0.000" errors="0" timestamp="30 Aug 2021 05:55:32 GMT" skipped="1">
  <testcase classname="Lab07_August_13_Data_Provider_2.OrangeHRM_DataProvider_Lab1" name="Test1" time="0.000">
    <skipped/>
  </testcase> <!-- Test1 -->
</testsuite> <!-- Lab07_August_13_Data_Provider_2.OrangeHRM_DataProvider_Lab1 -->
