<?xml version="1.0" encoding="UTF-8"?>
<!-- Generated by org.testng.reporters.JUnitReportReporter -->
<testsuite hostname="DESKTOP-TCV21C6" failures="0" tests="1" name="Lab24_Advanced_Xpaths.TC006_Following" time="19.644" errors="0" timestamp="25 Aug 2021 17:41:41 GMT" skipped="0">
  <testcase classname="Lab24_Advanced_Xpaths.TC006_Following" name="Test1" time="19.644"/>
</testsuite> <!-- Lab24_Advanced_Xpaths.TC006_Following -->
