<?xml version="1.0" encoding="UTF-8"?>
<!-- Generated by org.testng.reporters.JUnitReportReporter -->
<testsuite hostname="DESKTOP-TCV21C6" failures="0" tests="1" name="Locators.NewTest_Nonstatic_parameters" time="20.747" errors="0" timestamp="17 Aug 2021 13:36:14 GMT" skipped="0">
  <testcase classname="Locators.NewTest_Nonstatic_parameters" name="Login_Test" time="20.747"/>
</testsuite> <!-- Locators.NewTest_Nonstatic_parameters -->
