<?xml version="1.0" encoding="UTF-8"?>
<!-- Generated by org.testng.reporters.JUnitReportReporter -->
<testsuite hostname="DESKTOP-TCV21C6" failures="0" tests="1" name="Lab20_Multiple_Windows.TC01_Open_Three_Tabs" time="14.715" errors="0" timestamp="27 Aug 2021 12:39:22 GMT" skipped="0">
  <testcase classname="Lab20_Multiple_Windows.TC01_Open_Three_Tabs" name="Login_Test" time="14.715"/>
</testsuite> <!-- Lab20_Multiple_Windows.TC01_Open_Three_Tabs -->
