<?xml version="1.0" encoding="UTF-8"?>
<!-- Generated by org.testng.reporters.JUnitReportReporter -->
<testsuite hostname="DESKTOP-TCV21C6" failures="0" tests="1" name="Lab27_Alerts.AlertDemo" time="21.782" errors="0" timestamp="26 Aug 2021 13:26:00 GMT" skipped="0">
  <testcase classname="Lab27_Alerts.AlertDemo" name="testWebAlert" time="21.782"/>
</testsuite> <!-- Lab27_Alerts.AlertDemo -->
