<?xml version="1.0" encoding="UTF-8"?>
<!-- Generated by org.testng.reporters.JUnitReportReporter -->
<testsuite hostname="DESKTOP-TCV21C6" failures="0" tests="1" name="Lab24_Advanced_Xpaths.TC002_Relative_Xpath" time="14.138" errors="0" timestamp="25 Aug 2021 15:51:13 GMT" skipped="0">
  <testcase classname="Lab24_Advanced_Xpaths.TC002_Relative_Xpath" name="Test1" time="14.138"/>
</testsuite> <!-- Lab24_Advanced_Xpaths.TC002_Relative_Xpath -->
