<?xml version="1.0" encoding="UTF-8"?>
<!-- Generated by org.testng.reporters.JUnitReportReporter -->
<testsuite hostname="DESKTOP-TCV21C6" failures="0" tests="1" name="Lab22_Action_class.TC04_Drag_And_Drop" time="11.805" errors="0" timestamp="26 Aug 2021 12:57:47 GMT" skipped="0">
  <testcase classname="Lab22_Action_class.TC04_Drag_And_Drop" name="Login_Test" time="11.805"/>
</testsuite> <!-- Lab22_Action_class.TC04_Drag_And_Drop -->
