<?xml version="1.0" encoding="UTF-8"?>
<!-- Generated by org.testng.reporters.JUnitReportReporter -->
<testsuite hostname="DESKTOP-TCV21C6" failures="0" tests="1" name="Lab02_LOGIN.Non_Static_parameters" time="20.246" errors="0" timestamp="28 Aug 2021 15:33:13 GMT" skipped="0">
  <testcase classname="Lab02_LOGIN.Non_Static_parameters" name="admin_login" time="20.246"/>
</testsuite> <!-- Lab02_LOGIN.Non_Static_parameters -->
