<?xml version="1.0" encoding="UTF-8"?>
<!-- Generated by org.testng.reporters.JUnitReportReporter -->
<testsuite hostname="DESKTOP-TCV21C6" failures="0" tests="1" name="Lab22_Action_class.TC01_Mouse_Hover_Action_Amazon" time="16.850" errors="0" timestamp="26 Aug 2021 12:34:30 GMT" skipped="0">
  <testcase classname="Lab22_Action_class.TC01_Mouse_Hover_Action_Amazon" name="Login_Test" time="16.850"/>
</testsuite> <!-- Lab22_Action_class.TC01_Mouse_Hover_Action_Amazon -->
