<?xml version="1.0" encoding="UTF-8"?>
<!-- Generated by org.testng.reporters.JUnitReportReporter -->
<testsuite hostname="DESKTOP-TCV21C6" failures="0" tests="1" name="Locators.TC01_id" time="17.369" errors="0" timestamp="19 Aug 2021 10:24:52 GMT" skipped="0">
  <testcase classname="Locators.TC01_id" name="Test2" time="17.369"/>
</testsuite> <!-- Locators.TC01_id -->
