<?xml version="1.0" encoding="UTF-8"?>
<!-- Generated by org.testng.reporters.JUnitReportReporter -->
<testsuite hostname="DESKTOP-TCV21C6" failures="0" tests="1" name="Lab29_PageObjectModel.TC01_Add_Jobs" time="17.130" errors="0" timestamp="05 Sep 2021 17:21:33 GMT" skipped="0">
  <testcase classname="Lab29_PageObjectModel.TC01_Add_Jobs" name="Add_Skills" time="17.130"/>
</testsuite> <!-- Lab29_PageObjectModel.TC01_Add_Jobs -->
