<?xml version="1.0" encoding="UTF-8"?>
<!-- Generated by org.testng.reporters.JUnitReportReporter -->
<testsuite hostname="DESKTOP-TCV21C6" failures="0" tests="1" name="Lab24_Advanced_Xpaths.TC011_Parent" time="24.407" errors="0" timestamp="25 Aug 2021 18:00:47 GMT" skipped="0">
  <testcase classname="Lab24_Advanced_Xpaths.TC011_Parent" name="Test1" time="24.407"/>
</testsuite> <!-- Lab24_Advanced_Xpaths.TC011_Parent -->
