<?xml version="1.0" encoding="UTF-8"?>
<!-- Generated by org.testng.reporters.JUnitReportReporter -->
<testsuite hostname="DESKTOP-TCV21C6" failures="0" tests="1" name="Lab24_Advanced_Xpaths.TC001_Absolute_Xpath" time="16.690" errors="0" timestamp="25 Aug 2021 15:10:12 GMT" skipped="0">
  <testcase classname="Lab24_Advanced_Xpaths.TC001_Absolute_Xpath" name="Test1" time="16.690"/>
</testsuite> <!-- Lab24_Advanced_Xpaths.TC001_Absolute_Xpath -->
