<?xml version="1.0" encoding="UTF-8"?>
<!-- Generated by org.testng.reporters.JUnitReportReporter -->
<testsuite hostname="DESKTOP-TCV21C6" failures="0" tests="1" name="LOGIN.Opening_add_Jobs_webElements2" time="17.814" errors="0" timestamp="16 Aug 2021 14:28:06 GMT" skipped="0">
  <testcase classname="LOGIN.Opening_add_Jobs_webElements2" name="admin_login" time="17.814"/>
</testsuite> <!-- LOGIN.Opening_add_Jobs_webElements2 -->
