<?xml version="1.0" encoding="UTF-8"?>
<!-- Generated by org.testng.reporters.JUnitReportReporter -->
<testsuite hostname="DESKTOP-TCV21C6" failures="0" tests="3" name="Lab15_ParallelTests.TC01_Skills_DataProvider_Method_2" time="70.674" errors="0" timestamp="24 Aug 2021 09:10:58 GMT" skipped="0">
  <testcase classname="Lab15_ParallelTests.TC01_Skills_DataProvider_Method_2" name="loginTest" time="21.968"/>
  <testcase classname="Lab15_ParallelTests.TC01_Skills_DataProvider_Method_2" name="loginTest" time="24.318"/>
  <testcase classname="Lab15_ParallelTests.TC01_Skills_DataProvider_Method_2" name="loginTest" time="24.388"/>
</testsuite> <!-- Lab15_ParallelTests.TC01_Skills_DataProvider_Method_2 -->
