<?xml version="1.0" encoding="UTF-8"?>
<!-- Generated by org.testng.reporters.JUnitReportReporter -->
<testsuite hostname="DESKTOP-TCV21C6" failures="0" tests="3" name="Data_Provider.OrangeHRM_DataProvider_Lab2" time="80.082" errors="0" timestamp="21 Aug 2021 16:58:43 GMT" skipped="0">
  <testcase classname="Data_Provider.OrangeHRM_DataProvider_Lab2" name="Test1" time="25.882"/>
  <testcase classname="Data_Provider.OrangeHRM_DataProvider_Lab2" name="Test1" time="26.773"/>
  <testcase classname="Data_Provider.OrangeHRM_DataProvider_Lab2" name="Test1" time="27.427"/>
</testsuite> <!-- Data_Provider.OrangeHRM_DataProvider_Lab2 -->
