<?xml version="1.0" encoding="UTF-8"?>
<!-- Generated by org.testng.reporters.JUnitReportReporter -->
<testsuite hostname="DESKTOP-TCV21C6" failures="0" tests="1" name="LOGIN.Non_static_method" time="20.882" errors="0" timestamp="19 Aug 2021 06:33:34 GMT" skipped="0">
  <testcase classname="LOGIN.Non_static_method" name="admin_login" time="20.882"/>
</testsuite> <!-- LOGIN.Non_static_method -->
