<?xml version="1.0" encoding="UTF-8"?>
<!-- Generated by org.testng.reporters.JUnitReportReporter -->
<testsuite hostname="DESKTOP-TCV21C6" failures="0" tests="1" name="Lab22_Action_class.TC02_Double_Click" time="15.293" errors="0" timestamp="26 Aug 2021 12:42:29 GMT" skipped="0">
  <testcase classname="Lab22_Action_class.TC02_Double_Click" name="Login_Test" time="15.293"/>
</testsuite> <!-- Lab22_Action_class.TC02_Double_Click -->
