<?xml version="1.0" encoding="UTF-8"?>
<!-- Generated by org.testng.reporters.JUnitReportReporter -->
<testsuite hostname="DESKTOP-TCV21C6" failures="0" tests="1" name="Lab24_Advanced_Xpaths.TC010_Following_Siblings" time="9.743" errors="0" timestamp="25 Aug 2021 17:59:41 GMT" skipped="0">
  <testcase classname="Lab24_Advanced_Xpaths.TC010_Following_Siblings" name="Test1" time="9.743"/>
</testsuite> <!-- Lab24_Advanced_Xpaths.TC010_Following_Siblings -->
