<?xml version="1.0" encoding="UTF-8"?>
<!-- Generated by org.testng.reporters.JUnitReportReporter -->
<testsuite hostname="DESKTOP-TCV21C6" failures="0" tests="1" name="Emailable_Report.TestExample2_Browser_Parameters" time="11.906" errors="0" timestamp="22 Aug 2021 15:53:14 GMT" skipped="0">
  <testcase classname="Emailable_Report.TestExample2_Browser_Parameters" name="Test2" time="11.906"/>
</testsuite> <!-- Emailable_Report.TestExample2_Browser_Parameters -->
