<?xml version="1.0" encoding="UTF-8"?>
<!-- Generated by org.testng.reporters.JUnitReportReporter -->
<testsuite hostname="DESKTOP-TCV21C6" failures="0" tests="1" name="LOGIN.Static_method_with_Parameters" time="20.566" errors="0" timestamp="19 Aug 2021 06:47:18 GMT" skipped="0">
  <testcase classname="LOGIN.Static_method_with_Parameters" name="admin_login" time="20.566"/>
</testsuite> <!-- LOGIN.Static_method_with_Parameters -->
