<?xml version="1.0" encoding="UTF-8"?>
<!-- Generated by org.testng.reporters.JUnitReportReporter -->
<testsuite hostname="DESKTOP-TCV21C6" failures="0" tests="1" name="Lab19_Frames.FrameByIndex" time="8.251" errors="0" timestamp="24 Aug 2021 18:36:48 GMT" skipped="0">
  <testcase classname="Lab19_Frames.FrameByIndex" name="Login_Test" time="8.251"/>
</testsuite> <!-- Lab19_Frames.FrameByIndex -->
