<?xml version="1.0" encoding="UTF-8"?>
<!-- Generated by org.testng.reporters.JUnitReportReporter -->
<testsuite hostname="DESKTOP-TCV21C6" failures="0" tests="2" name="Data_Provider.OHRM_DataProvider_Method_1" time="53.682" errors="0" timestamp="22 Aug 2021 13:44:47 GMT" skipped="0">
  <testcase classname="Data_Provider.OHRM_DataProvider_Method_1" name="Test1" time="28.730"/>
  <testcase classname="Data_Provider.OHRM_DataProvider_Method_1" name="Test1" time="24.952"/>
</testsuite> <!-- Data_Provider.OHRM_DataProvider_Method_1 -->
