<?xml version="1.0" encoding="UTF-8"?>
<!-- Generated by org.testng.reporters.JUnitReportReporter -->
<testsuite hostname="DESKTOP-TCV21C6" failures="0" tests="1" name="Lab27_Alerts.DemoWebAlert" time="10.273" errors="0" timestamp="26 Aug 2021 13:41:20 GMT" skipped="0">
  <testcase classname="Lab27_Alerts.DemoWebAlert" name="Test6" time="10.273"/>
</testsuite> <!-- Lab27_Alerts.DemoWebAlert -->
