<?xml version="1.0" encoding="UTF-8"?>
<!-- Generated by org.testng.reporters.JUnitReportReporter -->
<testsuite hostname="DESKTOP-TCV21C6" failures="0" tests="1" name="Lab07_August_13_Data_Provider_2.TC01_Skills" time="0.000" errors="0" timestamp="23 Aug 2021 11:01:13 GMT" skipped="1">
  <testcase classname="Lab07_August_13_Data_Provider_2.TC01_Skills" name="loginTest" time="0.000">
    <skipped/>
  </testcase> <!-- loginTest -->
</testsuite> <!-- Lab07_August_13_Data_Provider_2.TC01_Skills -->
