<?xml version="1.0" encoding="UTF-8"?>
<!-- Generated by org.testng.reporters.JUnitReportReporter -->
<testsuite hostname="DESKTOP-TCV21C6" failures="0" tests="4" name="August_12th_DataProvider.TC01_Skills" time="109.047" errors="0" timestamp="22 Aug 2021 07:27:16 GMT" skipped="0">
  <testcase classname="August_12th_DataProvider.TC01_Skills" name="loginTest" time="26.127"/>
  <testcase classname="August_12th_DataProvider.TC01_Skills" name="loginTest" time="37.683"/>
  <testcase classname="August_12th_DataProvider.TC01_Skills" name="loginTest" time="23.794"/>
  <testcase classname="August_12th_DataProvider.TC01_Skills" name="loginTest" time="21.443"/>
</testsuite> <!-- August_12th_DataProvider.TC01_Skills -->
