<?xml version="1.0" encoding="UTF-8"?>
<!-- Generated by org.testng.reporters.JUnitReportReporter -->
<testsuite hostname="DESKTOP-TCV21C6" failures="0" tests="1" name="Emailable_Report.TestExample2_Browser" time="11.880" errors="0" timestamp="22 Aug 2021 15:37:39 GMT" skipped="0">
  <testcase classname="Emailable_Report.TestExample2_Browser" name="Test2" time="11.880"/>
</testsuite> <!-- Emailable_Report.TestExample2_Browser -->
