<?xml version="1.0" encoding="UTF-8"?>
<!-- Generated by org.testng.reporters.JUnitReportReporter -->
<testsuite hostname="DESKTOP-TCV21C6" failures="0" tests="1" name="Data_Provider.NewTest_1" time="18.327" errors="0" timestamp="17 Aug 2021 13:46:58 GMT" skipped="0">
  <testcase classname="Data_Provider.NewTest_1" name="Login_Test" time="18.327"/>
</testsuite> <!-- Data_Provider.NewTest_1 -->
