<?xml version="1.0" encoding="UTF-8"?>
<!-- Generated by org.testng.reporters.JUnitReportReporter -->
<testsuite hostname="DESKTOP-TCV21C6" failures="0" tests="1" name="Maths_Demo_package.Addition_class" time="0.016" errors="0" timestamp="15 Aug 2021 09:16:16 GMT" skipped="0">
  <testcase classname="Maths_Demo_package.Addition_class" name="Test1_Addition" time="0.016"/>
</testsuite> <!-- Maths_Demo_package.Addition_class -->
