<?xml version="1.0" encoding="UTF-8"?>
<!-- Generated by org.testng.reporters.JUnitReportReporter -->
<testsuite hostname="DESKTOP-TCV21C6" failures="0" tests="1" name="Locators.By_xpath_Locators" time="17.194" errors="0" timestamp="19 Aug 2021 12:54:11 GMT" skipped="0">
  <testcase classname="Locators.By_xpath_Locators" name="xpath_Test" time="17.194"/>
</testsuite> <!-- Locators.By_xpath_Locators -->
