<?xml version="1.0" encoding="UTF-8"?>
<!-- Generated by org.testng.reporters.JUnitReportReporter -->
<testsuite hostname="DESKTOP-TCV21C6" failures="0" tests="1" name="Lab24_Advanced_Xpaths.TC008_Child" time="24.573" errors="0" timestamp="25 Aug 2021 17:58:27 GMT" skipped="0">
  <testcase classname="Lab24_Advanced_Xpaths.TC008_Child" name="Test1" time="24.573"/>
</testsuite> <!-- Lab24_Advanced_Xpaths.TC008_Child -->
