<?xml version="1.0" encoding="UTF-8"?>
<!-- Generated by org.testng.reporters.JUnitReportReporter -->
<testsuite hostname="DESKTOP-TCV21C6" failures="0" tests="1" name="Locators.TC02_name" time="13.168" errors="0" timestamp="19 Aug 2021 10:45:08 GMT" skipped="0">
  <testcase classname="Locators.TC02_name" name="Test2" time="13.168"/>
</testsuite> <!-- Locators.TC02_name -->
