<?xml version="1.0" encoding="UTF-8"?>
<!-- Generated by org.testng.reporters.JUnitReportReporter -->
<testsuite hostname="DESKTOP-TCV21C6" failures="0" tests="1" name="LOGIN.NewTest_01" time="10.033" errors="0" timestamp="13 Aug 2021 05:19:51 GMT" skipped="0">
  <testcase classname="LOGIN.NewTest_01" name="f" time="10.033"/>
</testsuite> <!-- LOGIN.NewTest_01 -->
