<?xml version="1.0" encoding="UTF-8"?>
<!-- Generated by org.testng.reporters.JUnitReportReporter -->
<testsuite hostname="DESKTOP-TCV21C6" failures="0" tests="1" name="LOGIN.Login_Test1" time="32.957" errors="0" timestamp="13 Aug 2021 05:18:43 GMT" skipped="0">
  <testcase classname="LOGIN.Login_Test1" name="admin_login" time="32.957"/>
</testsuite> <!-- LOGIN.Login_Test1 -->
