<?xml version="1.0" encoding="UTF-8"?>
<!-- Generated by org.testng.reporters.JUnitReportReporter -->
<testsuite hostname="DESKTOP-TCV21C6" failures="0" tests="2" name="Lab12_TestNG_Paraneters.TC02_Login_Static_Paarameters2" time="59.086" errors="0" timestamp="23 Aug 2021 13:21:41 GMT" skipped="0">
  <testcase classname="Lab12_TestNG_Paraneters.TC02_Login_Static_Paarameters2" name="Login_Test" time="28.581"/>
  <testcase classname="Lab12_TestNG_Paraneters.TC02_Login_Static_Paarameters2" name="Login_Test" time="30.505"/>
</testsuite> <!-- Lab12_TestNG_Paraneters.TC02_Login_Static_Paarameters2 -->
