<?xml version="1.0" encoding="UTF-8"?>
<!-- Generated by org.testng.reporters.JUnitReportReporter -->
<testsuite hostname="DESKTOP-TCV21C6" failures="0" tests="1" name="Lab01_Maths_Demo_package.Subtraction_class" time="0.016" errors="0" timestamp="28 Aug 2021 15:14:34 GMT" skipped="0">
  <testcase classname="Lab01_Maths_Demo_package.Subtraction_class" name="Test2_Subtraction" time="0.016"/>
</testsuite> <!-- Lab01_Maths_Demo_package.Subtraction_class -->
