<?xml version="1.0" encoding="UTF-8"?>
<!-- Generated by org.testng.reporters.JUnitReportReporter -->
<testsuite hostname="DESKTOP-TCV21C6" failures="0" tests="1" name="Lab02_LOGIN.Non_static_method" time="27.838" errors="0" timestamp="28 Aug 2021 15:28:44 GMT" skipped="0">
  <testcase classname="Lab02_LOGIN.Non_static_method" name="admin_login" time="27.838"/>
</testsuite> <!-- Lab02_LOGIN.Non_static_method -->
