<?xml version="1.0" encoding="UTF-8"?>
<!-- Generated by org.testng.reporters.JUnitReportReporter -->
<testsuite hostname="DESKTOP-TCV21C6" failures="0" tests="4" name="Priorities.Priority_1" time="0.039" errors="0" timestamp="19 Aug 2021 07:41:28 GMT" skipped="0">
  <testcase classname="Priorities.Priority_1" name="Test2_OpenOrangeHRM" time="0.027"/>
  <testcase classname="Priorities.Priority_1" name="Test4_Addnatialities" time="0.004"/>
  <testcase classname="Priorities.Priority_1" name="Test1_OpenChromeBrowser" time="0.003"/>
  <testcase classname="Priorities.Priority_1" name="Test3_Login" time="0.005"/>
</testsuite> <!-- Priorities.Priority_1 -->
