<?xml version="1.0" encoding="UTF-8"?>
<!-- Generated by org.testng.reporters.JUnitReportReporter -->
<testsuite hostname="DESKTOP-TCV21C6" failures="0" tests="1" name="Lab29_PageObjectModel.TC01_Add_Employee" time="14.756" errors="0" timestamp="05 Sep 2021 16:31:25 GMT" skipped="0">
  <testcase classname="Lab29_PageObjectModel.TC01_Add_Employee" name="Book_OneWay_Flight" time="14.756"/>
</testsuite> <!-- Lab29_PageObjectModel.TC01_Add_Employee -->
