<?xml version="1.0" encoding="UTF-8"?>
<!-- Generated by org.testng.reporters.JUnitReportReporter -->
<testsuite hostname="DESKTOP-TCV21C6" failures="0" tests="1" name="LOGIN.Statice_method" time="19.546" errors="0" timestamp="19 Aug 2021 06:22:50 GMT" skipped="0">
  <testcase classname="LOGIN.Statice_method" name="admin_login" time="19.546"/>
</testsuite> <!-- LOGIN.Statice_method -->
