<?xml version="1.0" encoding="UTF-8"?>
<!-- Generated by org.testng.reporters.JUnitReportReporter -->
<testsuite hostname="DESKTOP-TCV21C6" failures="0" tests="2" name="Lab05_Data_Provider.OHRM_DataProvider_Method_1" time="35.837" errors="0" timestamp="23 Aug 2021 11:21:02 GMT" skipped="0">
  <testcase classname="Lab05_Data_Provider.OHRM_DataProvider_Method_1" name="Test1" time="17.907"/>
  <testcase classname="Lab05_Data_Provider.OHRM_DataProvider_Method_1" name="Test1" time="17.930"/>
</testsuite> <!-- Lab05_Data_Provider.OHRM_DataProvider_Method_1 -->
