<?xml version="1.0" encoding="UTF-8"?>
<!-- Generated by org.testng.reporters.JUnitReportReporter -->
<testsuite hostname="DESKTOP-TCV21C6" failures="0" tests="1" name="LOGIN.Non_Static_parameters" time="19.639" errors="0" timestamp="19 Aug 2021 07:05:54 GMT" skipped="0">
  <testcase classname="LOGIN.Non_Static_parameters" name="admin_login" time="19.639"/>
</testsuite> <!-- LOGIN.Non_Static_parameters -->
