<?xml version="1.0" encoding="UTF-8"?>
<!-- Generated by org.testng.reporters.JUnitReportReporter -->
<testsuite hostname="DESKTOP-TCV21C6" failures="0" tests="1" name="Maths_Demo_package.Subtraction_class" time="0.021" errors="0" timestamp="12 Aug 2021 15:03:13 GMT" skipped="0">
  <testcase classname="Maths_Demo_package.Subtraction_class" name="Test2_Subtraction" time="0.021"/>
</testsuite> <!-- Maths_Demo_package.Subtraction_class -->
