<?xml version="1.0" encoding="UTF-8"?>
<!-- Generated by org.testng.reporters.JUnitReportReporter -->
<testsuite hostname="DESKTOP-TCV21C6" failures="0" tests="1" name="LOGIN.Opening_add_Jobs_webElements" time="20.243" errors="0" timestamp="17 Aug 2021 10:15:14 GMT" skipped="0">
  <testcase classname="LOGIN.Opening_add_Jobs_webElements" name="admin_login" time="20.243"/>
</testsuite> <!-- LOGIN.Opening_add_Jobs_webElements -->
