<?xml version="1.0" encoding="UTF-8"?>
<!-- Generated by org.testng.reporters.JUnitReportReporter -->
<testsuite hostname="DESKTOP-TCV21C6" failures="0" tests="1" name="Self_Test_1.Check_1" time="14.763" errors="0" timestamp="01 Sep 2021 07:56:59 GMT" skipped="0">
  <testcase classname="Self_Test_1.Check_1" name="Skills" time="14.763"/>
</testsuite> <!-- Self_Test_1.Check_1 -->
